<?xml version="1.0" encoding="UTF-8"?>
<testsuite name="com.dws.challenge.AccountsServiceTest" tests="2" skipped="0" failures="0" errors="0" timestamp="2023-11-05T17:15:28" hostname="Yusufs-MacBook-Pro.local" time="0.006">
  <properties/>
  <testcase name="addAccount()" classname="com.dws.challenge.AccountsServiceTest" time="0.003"/>
  <testcase name="addAccount_failsOnDuplicateId()" classname="com.dws.challenge.AccountsServiceTest" time="0.002"/>
  <system-out><![CDATA[2023-11-05 22:45:27.736  INFO 76064 --- [    Test worker] .b.t.c.SpringBootTestContextBootstrapper : Neither @ContextConfiguration nor @ContextHierarchy found for test class [com.dws.challenge.AccountsServiceTest], using SpringBootContextLoader
2023-11-05 22:45:27.737  INFO 76064 --- [    Test worker] o.s.t.c.support.AbstractContextLoader    : Could not detect default resource locations for test class [com.dws.challenge.AccountsServiceTest]: no resource found for suffixes {-context.xml, Context.groovy}.
2023-11-05 22:45:27.738  INFO 76064 --- [    Test worker] t.c.s.AnnotationConfigContextLoaderUtils : Could not detect default configuration classes for test class [com.dws.challenge.AccountsServiceTest]: AccountsServiceTest does not declare any static, non-private, non-final, nested classes annotated with @Configuration.
2023-11-05 22:45:27.740  INFO 76064 --- [    Test worker] .b.t.c.SpringBootTestContextBootstrapper : Found @SpringBootConfiguration com.dws.challenge.ChallengeApplication for test class com.dws.challenge.AccountsServiceTest
2023-11-05 22:45:27.742  INFO 76064 --- [    Test worker] .b.t.c.SpringBootTestContextBootstrapper : Loaded default TestExecutionListener class names from location [META-INF/spring.factories]: [org.springframework.boot.test.autoconfigure.restdocs.RestDocsTestExecutionListener, org.springframework.boot.test.autoconfigure.web.client.MockRestServiceServerResetTestExecutionListener, org.springframework.boot.test.autoconfigure.web.servlet.MockMvcPrintOnlyOnFailureTestExecutionListener, org.springframework.boot.test.autoconfigure.web.servlet.WebDriverTestExecutionListener, org.springframework.boot.test.autoconfigure.webservices.client.MockWebServiceServerTestExecutionListener, org.springframework.boot.test.mock.mockito.MockitoTestExecutionListener, org.springframework.boot.test.mock.mockito.ResetMocksTestExecutionListener, org.springframework.test.context.web.ServletTestExecutionListener, org.springframework.test.context.support.DirtiesContextBeforeModesTestExecutionListener, org.springframework.test.context.event.ApplicationEventsTestExecutionListener, org.springframework.test.context.support.DependencyInjectionTestExecutionListener, org.springframework.test.context.support.DirtiesContextTestExecutionListener, org.springframework.test.context.transaction.TransactionalTestExecutionListener, org.springframework.test.context.jdbc.SqlScriptsTestExecutionListener, org.springframework.test.context.event.EventPublishingTestExecutionListener]
2023-11-05 22:45:27.743  INFO 76064 --- [    Test worker] .b.t.c.SpringBootTestContextBootstrapper : Using TestExecutionListeners: [org.springframework.test.context.web.ServletTestExecutionListener@668a32a4, org.springframework.test.context.support.DirtiesContextBeforeModesTestExecutionListener@2026fbff, org.springframework.test.context.event.ApplicationEventsTestExecutionListener@baa227e, org.springframework.boot.test.mock.mockito.MockitoTestExecutionListener@351e89fc, org.springframework.boot.test.autoconfigure.SpringBootDependencyInjectionTestExecutionListener@2b682e9, org.springframework.test.context.support.DirtiesContextTestExecutionListener@15586843, org.springframework.test.context.event.EventPublishingTestExecutionListener@4fbb1144, org.springframework.boot.test.autoconfigure.restdocs.RestDocsTestExecutionListener@e2b3026, org.springframework.boot.test.autoconfigure.web.client.MockRestServiceServerResetTestExecutionListener@38bc5ac0, org.springframework.boot.test.autoconfigure.web.servlet.MockMvcPrintOnlyOnFailureTestExecutionListener@6ef037e4, org.springframework.boot.test.autoconfigure.web.servlet.WebDriverTestExecutionListener@79d63a4f, org.springframework.boot.test.autoconfigure.webservices.client.MockWebServiceServerTestExecutionListener@2e2b9f53, org.springframework.boot.test.mock.mockito.ResetMocksTestExecutionListener@749baa0c]

  .   ____          _            __ _ _
 /\\ / ___'_ __ _ _(_)_ __  __ _ \ \ \ \
( ( )\___ | '_ | '_| | '_ \/ _` | \ \ \ \
 \\/  ___)| |_)| | | | | || (_| |  ) ) ) )
  '  |____| .__|_| |_|_| |_\__, | / / / /
 =========|_|==============|___/=/_/_/_/
 :: Spring Boot ::               (v2.7.17)

2023-11-05 22:45:27.762  INFO 76064 --- [    Test worker] com.dws.challenge.AccountsServiceTest    : Starting AccountsServiceTest using Java 15.0.1 on Yusufs-MacBook-Pro.local with PID 76064 (started by yusufh in /Users/yusufh/Downloads/challenge)
2023-11-05 22:45:27.762  INFO 76064 --- [    Test worker] com.dws.challenge.AccountsServiceTest    : No active profile set, falling back to 1 default profile: "default"
2023-11-05 22:45:28.208  INFO 76064 --- [    Test worker] com.dws.challenge.AccountsServiceTest    : Started AccountsServiceTest in 0.464 seconds (JVM running for 4.697)
]]></system-out>
  <system-err><![CDATA[]]></system-err>
</testsuite>
