<?xml version="1.0" encoding="UTF-8"?>
<testsuite name="com.dws.challenge.ChallengeApplicationTests" tests="1" skipped="0" failures="0" errors="0" timestamp="2023-11-05T17:15:28" hostname="Yusufs-MacBook-Pro.local" time="0.003">
  <properties/>
  <testcase name="contextLoads()" classname="com.dws.challenge.ChallengeApplicationTests" time="0.003"/>
  <system-out><![CDATA[2023-11-05 22:45:28.221  INFO 76064 --- [    Test worker] .b.t.c.SpringBootTestContextBootstrapper : Neither @ContextConfiguration nor @ContextHierarchy found for test class [com.dws.challenge.ChallengeApplicationTests], using SpringBootContextLoader
2023-11-05 22:45:28.222  INFO 76064 --- [    Test worker] o.s.t.c.support.AbstractContextLoader    : Could not detect default resource locations for test class [com.dws.challenge.ChallengeApplicationTests]: no resource found for suffixes {-context.xml, Context.groovy}.
2023-11-05 22:45:28.222  INFO 76064 --- [    Test worker] t.c.s.AnnotationConfigContextLoaderUtils : Could not detect default configuration classes for test class [com.dws.challenge.ChallengeApplicationTests]: ChallengeApplicationTests does not declare any static, non-private, non-final, nested classes annotated with @Configuration.
2023-11-05 22:45:28.223  INFO 76064 --- [    Test worker] .b.t.c.SpringBootTestContextBootstrapper : Found @SpringBootConfiguration com.dws.challenge.ChallengeApplication for test class com.dws.challenge.ChallengeApplicationTests
2023-11-05 22:45:28.224  INFO 76064 --- [    Test worker] .b.t.c.SpringBootTestContextBootstrapper : Loaded default TestExecutionListener class names from location [META-INF/spring.factories]: [org.springframework.boot.test.autoconfigure.restdocs.RestDocsTestExecutionListener, org.springframework.boot.test.autoconfigure.web.client.MockRestServiceServerResetTestExecutionListener, org.springframework.boot.test.autoconfigure.web.servlet.MockMvcPrintOnlyOnFailureTestExecutionListener, org.springframework.boot.test.autoconfigure.web.servlet.WebDriverTestExecutionListener, org.springframework.boot.test.autoconfigure.webservices.client.MockWebServiceServerTestExecutionListener, org.springframework.boot.test.mock.mockito.MockitoTestExecutionListener, org.springframework.boot.test.mock.mockito.ResetMocksTestExecutionListener, org.springframework.test.context.web.ServletTestExecutionListener, org.springframework.test.context.support.DirtiesContextBeforeModesTestExecutionListener, org.springframework.test.context.event.ApplicationEventsTestExecutionListener, org.springframework.test.context.support.DependencyInjectionTestExecutionListener, org.springframework.test.context.support.DirtiesContextTestExecutionListener, org.springframework.test.context.transaction.TransactionalTestExecutionListener, org.springframework.test.context.jdbc.SqlScriptsTestExecutionListener, org.springframework.test.context.event.EventPublishingTestExecutionListener]
2023-11-05 22:45:28.225  INFO 76064 --- [    Test worker] .b.t.c.SpringBootTestContextBootstrapper : Using TestExecutionListeners: [org.springframework.test.context.web.ServletTestExecutionListener@2e3252, org.springframework.test.context.support.DirtiesContextBeforeModesTestExecutionListener@77cddc0c, org.springframework.test.context.event.ApplicationEventsTestExecutionListener@671d97bc, org.springframework.boot.test.mock.mockito.MockitoTestExecutionListener@774f2992, org.springframework.boot.test.autoconfigure.SpringBootDependencyInjectionTestExecutionListener@602298b, org.springframework.test.context.support.DirtiesContextTestExecutionListener@1fb6b8fb, org.springframework.test.context.event.EventPublishingTestExecutionListener@149d7cc6, org.springframework.boot.test.autoconfigure.restdocs.RestDocsTestExecutionListener@1a10c47e, org.springframework.boot.test.autoconfigure.web.client.MockRestServiceServerResetTestExecutionListener@d49e8c6, org.springframework.boot.test.autoconfigure.web.servlet.MockMvcPrintOnlyOnFailureTestExecutionListener@2712e8f4, org.springframework.boot.test.autoconfigure.web.servlet.WebDriverTestExecutionListener@5896cb9c, org.springframework.boot.test.autoconfigure.webservices.client.MockWebServiceServerTestExecutionListener@44b9c7c4, org.springframework.boot.test.mock.mockito.ResetMocksTestExecutionListener@674184d]
]]></system-out>
  <system-err><![CDATA[]]></system-err>
</testsuite>
